<?xml version="1.0" encoding="UTF-8" standalone="yes"?>
<testsuites name="my_functional_tests" time="4" tests="1" failures="0" errors="0">
    <testsuite name="my_functional_tests" tests="1" failures="0" errors="0" time="4" timestamp="2019-09-16 19:26:32" hostname="root - d4c681e8a281" id="Test Suites/Functional Tests/my_functional_tests">
        <properties>
            <property name="deviceName" value=""/>
            <property name="devicePlatform" value=""/>
            <property name="logFolder" value="/tmp/katalon_execute/project/Reports/Functional Tests/my_functional_tests/20190916_192629"/>
            <property name="logFiles" value="/tmp/katalon_execute/project/Reports/Functional Tests/my_functional_tests/20190916_192629/execution0.log"/>
            <property name="attachments" value=""/>
            <property name="hostName" value="root - d4c681e8a281"/>
            <property name="os" value="Linux 64bit"/>
            <property name="katalonVersion" value="6.2.2.4"/>
            <property name="browser" value="Chrome 75.0.3770.100"/>
            <property name="hostAddress" value="172.17.0.2"/>
            <property name="sessionId" value="a84e4425714b196d1f5006292fa19e1c"/>
            <property name="seleniumVersion" value="3.141.59"/>
            <property name="proxyInformation" value="ProxyInformation{proxyOption=NO_PROXY, proxyServerType=HTTP, password=, proxyServerAddress=, proxyServerPort=0}"/>
            <property name="platform" value="Linux"/>
        </properties>
        <testcase name="Test Cases/KatalonicsBlog/Functional Test Cases/search_for_test" classname="Test Cases/KatalonicsBlog/Functional Test Cases/search_for_test" status="PASSED">
            <system-out>2019-09-16 19:26:33 - [TEST_CASE][PASSED] - Test Cases/KatalonicsBlog/Functional Test Cases/search_for_test: Test Cases/KatalonicsBlog/Functional Test Cases/search_for_test

2019-09-16 19:26:33 - [TEST_STEP][PASSED] - Start listener action : beforeTestCase: null

2019-09-16 19:26:33 - [TEST_STEP][PASSED] - testCaseId = testCaseContext.getTestCaseId(): null

2019-09-16 19:26:33 - [TEST_STEP][PASSED] - comment(&gt;&gt;&gt; testCaseId is $testCaseId): &gt;&gt;&gt; testCaseId is Test Cases/KatalonicsBlog/Functional Test Cases/search_for_test

2019-09-16 19:26:33 - [MESSAGE][INFO] - &gt;&gt;&gt; testCaseId is Test Cases/KatalonicsBlog/Functional Test Cases/search_for_test

2019-09-16 19:26:33 - [TEST_STEP][PASSED] - CURRENT_TESTCASE_ID = testCaseId: null

2019-09-16 19:26:33 - [TEST_STEP][PASSED] - runsRecord = NUMBER_OF_TESTCASE_RUNS: null

2019-09-16 19:26:33 - [TEST_STEP][PASSED] - if (runsRecord.containsKey(testCaseId)): null

2019-09-16 19:26:33 - [TEST_STEP][PASSED] - else: null

2019-09-16 19:26:33 - [TEST_STEP][PASSED] - comment(&gt;&gt;&gt; runRecrod does not contain key $testCaseId): &gt;&gt;&gt; runRecrod does not contain key Test Cases/KatalonicsBlog/Functional Test Cases/search_for_test

2019-09-16 19:26:33 - [MESSAGE][INFO] - &gt;&gt;&gt; runRecrod does not contain key Test Cases/KatalonicsBlog/Functional Test Cases/search_for_test

2019-09-16 19:26:33 - [TEST_STEP][PASSED] - runsRecord.put(testCaseId, 1): null

2019-09-16 19:26:33 - [TEST_STEP][PASSED] - NUMBER_OF_TESTCASE_RUNS = runsRecord: null

2019-09-16 19:26:33 - [TEST_STEP][PASSED] - openBrowser(""): Browser is opened with url: ''

2019-09-16 19:26:34 - [MESSAGE][INFO] - Starting 'Chrome' driver

2019-09-16 19:26:34 - [MESSAGE][INFO] - Action delay is set to 0 seconds

2019-09-16 19:26:35 - [MESSAGE][PASSED] - Browser is opened with url: ''

2019-09-16 19:26:35 - [TEST_STEP][PASSED] - navigateToUrl("https://katalonics.blogspot.com/"): Navigate to 'https://katalonics.blogspot.com/' successfully

2019-09-16 19:26:36 - [MESSAGE][PASSED] - Navigate to 'https://katalonics.blogspot.com/' successfully

2019-09-16 19:26:36 - [TEST_STEP][PASSED] - setText(findTestObject("Page_Katalonics/input_Search This Blog_q"), "test"): Text 'test' is set on object 'Object Repository/Page_Katalonics/input_Search This Blog_q'

2019-09-16 19:26:36 - [MESSAGE][PASSED] - Text 'test' is set on object 'Object Repository/Page_Katalonics/input_Search This Blog_q'

2019-09-16 19:26:36 - [TEST_STEP][PASSED] - click(findTestObject("Object Repository/Page_Katalonics/div_Search This BlogHomeInstall")): Object: 'Object Repository/Page_Katalonics/div_Search This BlogHomeInstall' is clicked on

2019-09-16 19:26:36 - [MESSAGE][PASSED] - Object: 'Object Repository/Page_Katalonics/div_Search This BlogHomeInstall' is clicked on

2019-09-16 19:26:36 - [TEST_STEP][PASSED] - click(findTestObject("Object Repository/Page_Katalonics/input_Search This Blog_gsc-search-button")): Object: 'Object Repository/Page_Katalonics/input_Search This Blog_gsc-search-button' is clicked on

2019-09-16 19:26:37 - [MESSAGE][PASSED] - Object: 'Object Repository/Page_Katalonics/input_Search This Blog_gsc-search-button' is clicked on

2019-09-16 19:26:37 - [TEST_STEP][PASSED] - click(findTestObject("Object Repository/Page_Katalonics Search results for test/div_No posts matching the query test Show all posts")): Object: 'Object Repository/Page_Katalonics Search results for test/div_No posts matching the query test Show all posts' is clicked on

2019-09-16 19:26:37 - [MESSAGE][PASSED] - Object: 'Object Repository/Page_Katalonics Search results for test/div_No posts matching the query test Show all posts' is clicked on

2019-09-16 19:26:37 - [TEST_STEP][PASSED] - closeBrowser(): Browser is closed

2019-09-16 19:26:37 - [MESSAGE][PASSED] - Browser is closed</system-out>
            <system-err></system-err>
        </testcase>
        <system-out>2019-09-16 19:26:32 - [TEST_SUITE][INCOMPLETE] - my_functional_tests: null</system-out>
        <system-err>2019-09-16 19:26:32 - [TEST_SUITE][INCOMPLETE] - my_functional_tests: null</system-err>
    </testsuite>
</testsuites>
