<?xml version="1.0" encoding="UTF-8" standalone="yes"?>
<testsuites name="create_baseline_image_ALL" time="38" tests="4" failures="0" errors="0">
    <testsuite name="create_baseline_image_ALL" tests="4" failures="0" errors="0" time="38" timestamp="2019-10-01 15:05:20" hostname="root - 9cea9d8a6196" id="Test Suites/Visual BaseLine Analysis/create_baseline_image_ALL">
        <properties>
            <property name="deviceName" value=""/>
            <property name="devicePlatform" value=""/>
            <property name="logFolder" value="/tmp/katalon_execute/project/Reports/Visual BaseLine Analysis/create_baseline_image_ALL/20191001_150516"/>
            <property name="logFiles" value="/tmp/katalon_execute/project/Reports/Visual BaseLine Analysis/create_baseline_image_ALL/20191001_150516/execution0.log"/>
            <property name="attachments" value=""/>
            <property name="hostName" value="root - 9cea9d8a6196"/>
            <property name="os" value="Linux 64bit"/>
            <property name="katalonVersion" value="6.2.2.4"/>
            <property name="browser" value="Chrome 75.0.3770.100"/>
            <property name="hostAddress" value="172.17.0.2"/>
            <property name="sessionId" value="580f7a1e3334996b0a03d1381b58b0b5"/>
            <property name="seleniumVersion" value="3.141.59"/>
            <property name="proxyInformation" value="ProxyInformation{proxyOption=NO_PROXY, proxyServerType=HTTP, password=, proxyServerAddress=, proxyServerPort=0}"/>
            <property name="platform" value="Linux"/>
        </properties>
        <testcase name="Test Cases/KatalonicsBlog/Visual Test Cases/Create Baseline Image" classname="Test Cases/KatalonicsBlog/Visual Test Cases/Create Baseline Image" status="PASSED">
            <system-out>2019-10-01 15:05:20 - [TEST_CASE][PASSED] - Test Cases/KatalonicsBlog/Visual Test Cases/Create Baseline Image: Test Cases/KatalonicsBlog/Visual Test Cases/Create Baseline Image

2019-10-01 15:05:20 - [TEST_STEP][PASSED] - Start listener action : beforeTestCase: null

2019-10-01 15:05:20 - [TEST_STEP][PASSED] - testCaseId = testCaseContext.getTestCaseId(): null

2019-10-01 15:05:20 - [TEST_STEP][PASSED] - comment(&gt;&gt;&gt; testCaseId is $testCaseId): &gt;&gt;&gt; testCaseId is Test Cases/KatalonicsBlog/Visual Test Cases/Create Baseline Image

2019-10-01 15:05:20 - [MESSAGE][INFO] - &gt;&gt;&gt; testCaseId is Test Cases/KatalonicsBlog/Visual Test Cases/Create Baseline Image

2019-10-01 15:05:20 - [TEST_STEP][PASSED] - CURRENT_TESTCASE_ID = testCaseId: null

2019-10-01 15:05:20 - [TEST_STEP][PASSED] - runsRecord = NUMBER_OF_TESTCASE_RUNS: null

2019-10-01 15:05:20 - [TEST_STEP][PASSED] - if (runsRecord.containsKey(testCaseId)): null

2019-10-01 15:05:20 - [TEST_STEP][PASSED] - else: null

2019-10-01 15:05:20 - [TEST_STEP][PASSED] - comment(&gt;&gt;&gt; runRecrod does not contain key $testCaseId): &gt;&gt;&gt; runRecrod does not contain key Test Cases/KatalonicsBlog/Visual Test Cases/Create Baseline Image

2019-10-01 15:05:20 - [MESSAGE][INFO] - &gt;&gt;&gt; runRecrod does not contain key Test Cases/KatalonicsBlog/Visual Test Cases/Create Baseline Image

2019-10-01 15:05:20 - [TEST_STEP][PASSED] - runsRecord.put(testCaseId, 1): null

2019-10-01 15:05:20 - [TEST_STEP][PASSED] - NUMBER_OF_TESTCASE_RUNS = runsRecord: null

2019-10-01 15:05:21 - [TEST_STEP][PASSED] - openBrowser(""): Browser is opened with url: ''

2019-10-01 15:05:21 - [MESSAGE][INFO] - Starting 'Chrome' driver

2019-10-01 15:05:21 - [MESSAGE][INFO] - Action delay is set to 0 seconds

2019-10-01 15:05:23 - [MESSAGE][PASSED] - Browser is opened with url: ''

2019-10-01 15:05:23 - [TEST_STEP][PASSED] - browserName = getExecutedBrowser().getName(): null

2019-10-01 15:05:23 - [TEST_STEP][PASSED] - scrollTimeout = 100: null

2019-10-01 15:05:23 - [TEST_STEP][PASSED] - header = 0: null

2019-10-01 15:05:23 - [TEST_STEP][PASSED] - footer = 0: null

2019-10-01 15:05:23 - [TEST_STEP][PASSED] - dpr = 2: null

2019-10-01 15:05:23 - [TEST_STEP][PASSED] - if (browserName == "IOS_DRIVER"): null

2019-10-01 15:05:23 - [TEST_STEP][PASSED] - if (browserName == "ANDROID_DRIVER"): null

2019-10-01 15:05:23 - [TEST_STEP][PASSED] - if (browserName != "IOS_DRIVER" &amp;&amp; browserName != "ANDROID_DRIVER"): Current window maximized

2019-10-01 15:05:23 - [TEST_STEP][PASSED] - maximizeWindow(): Current window maximized

2019-10-01 15:05:23 - [MESSAGE][PASSED] - Current window maximized

2019-10-01 15:05:23 - [TEST_STEP][PASSED] - theComponentURL = envURL1 + componentLocation + "/" + componentName + appendToURL: null

2019-10-01 15:05:23 - [TEST_STEP][PASSED] - navigateToUrl(theComponentURL): Navigate to 'https://katalonics.blogspot.com//.html' successfully

2019-10-01 15:05:24 - [MESSAGE][PASSED] - Navigate to 'https://katalonics.blogspot.com//.html' successfully

2019-10-01 15:05:24 - [TEST_STEP][PASSED] - waitForPageLoad(5): Wait for page load successfully

2019-10-01 15:05:24 - [MESSAGE][PASSED] - Wait for page load successfully

2019-10-01 15:05:24 - [TEST_STEP][PASSED] - delay(6): Delayed 6 second(s)

2019-10-01 15:05:30 - [MESSAGE][PASSED] - Delayed 6 second(s)

2019-10-01 15:05:30 - [TEST_STEP][PASSED] - log = new com.kms.katalon.core.logging.KeywordLogger(): null

2019-10-01 15:05:30 - [TEST_STEP][PASSED] - log.logInfo("Component Name: " + componentName): Component Name: 

2019-10-01 15:05:30 - [MESSAGE][INFO] - Component Name: 

2019-10-01 15:05:30 - [TEST_STEP][PASSED] - log.logInfo("actual URL: " + theComponentURL): actual URL: https://katalonics.blogspot.com//.html

2019-10-01 15:05:30 - [MESSAGE][INFO] - actual URL: https://katalonics.blogspot.com//.html

2019-10-01 15:05:30 - [TEST_STEP][PASSED] - baseLineFile = resolveScreenshotFile($browserName + "_" + $componentName + "_baseLine_component_page.png"): null

2019-10-01 15:05:30 - [TEST_STEP][PASSED] - projectDir = Paths.get(getProjectDir()): null

2019-10-01 15:05:30 - [TEST_STEP][PASSED] - reportDir = projectDir.resolve(baseLineImageFolder): null

2019-10-01 15:05:30 - [TEST_STEP][PASSED] - Files.createDirectories(reportDir): null

2019-10-01 15:05:30 - [TEST_STEP][PASSED] - pngFile = reportDir.resolve(fileName): null

2019-10-01 15:05:30 - [TEST_STEP][PASSED] - return pngFile.toFile(): null

2019-10-01 15:05:30 - [TEST_STEP][PASSED] - takeEntirePage(getWebDriver(), baseLineFile, 500, scrollTimeout, header, footer, dpr): null

2019-10-01 15:05:30 - [TEST_STEP][PASSED] - screenshot = viewportRetina(scrollTimeout, header, footer, dpr)).takeScreenshot(webDriver): null

2019-10-01 15:05:31 - [TEST_STEP][PASSED] - ImageIO.write(screenshot.getImage(), "PNG", file): null

2019-10-01 15:05:31 - [TEST_STEP][PASSED] - comment(&gt;&gt;&gt; wrote the baseLine component page image into $baseLineFile.toString()): &gt;&gt;&gt; wrote the baseLine component page image into /tmp/katalon_execute/project/Baseline_Images/CHROME_DRIVER__baseLine_component_page.png

2019-10-01 15:05:31 - [MESSAGE][INFO] - &gt;&gt;&gt; wrote the baseLine component page image into /tmp/katalon_execute/project/Baseline_Images/CHROME_DRIVER__baseLine_component_page.png

2019-10-01 15:05:31 - [TEST_STEP][PASSED] - closeBrowser(): Browser is closed

2019-10-01 15:05:32 - [MESSAGE][PASSED] - Browser is closed</system-out>
            <system-err></system-err>
        </testcase>
        <testcase name="Test Cases/KatalonicsBlog/Visual Test Cases/Create Baseline Image" classname="Test Cases/KatalonicsBlog/Visual Test Cases/Create Baseline Image" status="PASSED">
            <system-out>2019-10-01 15:05:32 - [TEST_CASE][PASSED] - Test Cases/KatalonicsBlog/Visual Test Cases/Create Baseline Image: Test Cases/KatalonicsBlog/Visual Test Cases/Create Baseline Image

2019-10-01 15:05:32 - [TEST_STEP][PASSED] - Start listener action : beforeTestCase: null

2019-10-01 15:05:32 - [TEST_STEP][PASSED] - testCaseId = testCaseContext.getTestCaseId(): null

2019-10-01 15:05:32 - [TEST_STEP][PASSED] - comment(&gt;&gt;&gt; testCaseId is $testCaseId): &gt;&gt;&gt; testCaseId is Test Cases/KatalonicsBlog/Visual Test Cases/Create Baseline Image

2019-10-01 15:05:32 - [MESSAGE][INFO] - &gt;&gt;&gt; testCaseId is Test Cases/KatalonicsBlog/Visual Test Cases/Create Baseline Image

2019-10-01 15:05:32 - [TEST_STEP][PASSED] - CURRENT_TESTCASE_ID = testCaseId: null

2019-10-01 15:05:32 - [TEST_STEP][PASSED] - runsRecord = NUMBER_OF_TESTCASE_RUNS: null

2019-10-01 15:05:32 - [TEST_STEP][PASSED] - if (runsRecord.containsKey(testCaseId)): null

2019-10-01 15:05:32 - [TEST_STEP][PASSED] - comment(&gt;&gt;&gt; runRecord contains key $testCaseId): &gt;&gt;&gt; runRecord contains key Test Cases/KatalonicsBlog/Visual Test Cases/Create Baseline Image

2019-10-01 15:05:32 - [MESSAGE][INFO] - &gt;&gt;&gt; runRecord contains key Test Cases/KatalonicsBlog/Visual Test Cases/Create Baseline Image

2019-10-01 15:05:32 - [TEST_STEP][PASSED] - count = runsRecord.get(testCaseId): null

2019-10-01 15:05:32 - [TEST_STEP][PASSED] - runsRecord.put(testCaseId, count + 1): null

2019-10-01 15:05:32 - [TEST_STEP][PASSED] - NUMBER_OF_TESTCASE_RUNS = runsRecord: null

2019-10-01 15:05:32 - [TEST_STEP][PASSED] - openBrowser(""): Browser is opened with url: ''

2019-10-01 15:05:32 - [MESSAGE][INFO] - Starting 'Chrome' driver

2019-10-01 15:05:33 - [MESSAGE][PASSED] - Browser is opened with url: ''

2019-10-01 15:05:33 - [TEST_STEP][PASSED] - browserName = getExecutedBrowser().getName(): null

2019-10-01 15:05:33 - [TEST_STEP][PASSED] - scrollTimeout = 100: null

2019-10-01 15:05:33 - [TEST_STEP][PASSED] - header = 0: null

2019-10-01 15:05:33 - [TEST_STEP][PASSED] - footer = 0: null

2019-10-01 15:05:33 - [TEST_STEP][PASSED] - dpr = 2: null

2019-10-01 15:05:33 - [TEST_STEP][PASSED] - if (browserName == "IOS_DRIVER"): null

2019-10-01 15:05:33 - [TEST_STEP][PASSED] - if (browserName == "ANDROID_DRIVER"): null

2019-10-01 15:05:33 - [TEST_STEP][PASSED] - if (browserName != "IOS_DRIVER" &amp;&amp; browserName != "ANDROID_DRIVER"): Current window maximized

2019-10-01 15:05:33 - [TEST_STEP][PASSED] - maximizeWindow(): Current window maximized

2019-10-01 15:05:33 - [MESSAGE][PASSED] - Current window maximized

2019-10-01 15:05:33 - [TEST_STEP][PASSED] - theComponentURL = envURL1 + componentLocation + "/" + componentName + appendToURL: null

2019-10-01 15:05:33 - [TEST_STEP][PASSED] - navigateToUrl(theComponentURL): Navigate to 'https://katalonics.blogspot.com/p/katalon-studio.html' successfully

2019-10-01 15:05:34 - [MESSAGE][PASSED] - Navigate to 'https://katalonics.blogspot.com/p/katalon-studio.html' successfully

2019-10-01 15:05:34 - [TEST_STEP][PASSED] - waitForPageLoad(5): Wait for page load successfully

2019-10-01 15:05:34 - [MESSAGE][PASSED] - Wait for page load successfully

2019-10-01 15:05:34 - [TEST_STEP][PASSED] - delay(6): Delayed 6 second(s)

2019-10-01 15:05:40 - [MESSAGE][PASSED] - Delayed 6 second(s)

2019-10-01 15:05:40 - [TEST_STEP][PASSED] - log = new com.kms.katalon.core.logging.KeywordLogger(): null

2019-10-01 15:05:40 - [TEST_STEP][PASSED] - log.logInfo("Component Name: " + componentName): Component Name: katalon-studio

2019-10-01 15:05:40 - [MESSAGE][INFO] - Component Name: katalon-studio

2019-10-01 15:05:40 - [TEST_STEP][PASSED] - log.logInfo("actual URL: " + theComponentURL): actual URL: https://katalonics.blogspot.com/p/katalon-studio.html

2019-10-01 15:05:40 - [MESSAGE][INFO] - actual URL: https://katalonics.blogspot.com/p/katalon-studio.html

2019-10-01 15:05:40 - [TEST_STEP][PASSED] - baseLineFile = resolveScreenshotFile($browserName + "_" + $componentName + "_baseLine_component_page.png"): null

2019-10-01 15:05:40 - [TEST_STEP][PASSED] - projectDir = Paths.get(getProjectDir()): null

2019-10-01 15:05:40 - [TEST_STEP][PASSED] - reportDir = projectDir.resolve(baseLineImageFolder): null

2019-10-01 15:05:40 - [TEST_STEP][PASSED] - Files.createDirectories(reportDir): null

2019-10-01 15:05:40 - [TEST_STEP][PASSED] - pngFile = reportDir.resolve(fileName): null

2019-10-01 15:05:40 - [TEST_STEP][PASSED] - return pngFile.toFile(): null

2019-10-01 15:05:40 - [TEST_STEP][PASSED] - takeEntirePage(getWebDriver(), baseLineFile, 500, scrollTimeout, header, footer, dpr): null

2019-10-01 15:05:40 - [TEST_STEP][PASSED] - screenshot = viewportRetina(scrollTimeout, header, footer, dpr)).takeScreenshot(webDriver): null

2019-10-01 15:05:40 - [TEST_STEP][PASSED] - ImageIO.write(screenshot.getImage(), "PNG", file): null

2019-10-01 15:05:41 - [TEST_STEP][PASSED] - comment(&gt;&gt;&gt; wrote the baseLine component page image into $baseLineFile.toString()): &gt;&gt;&gt; wrote the baseLine component page image into /tmp/katalon_execute/project/Baseline_Images/CHROME_DRIVER_katalon-studio_baseLine_component_page.png

2019-10-01 15:05:41 - [MESSAGE][INFO] - &gt;&gt;&gt; wrote the baseLine component page image into /tmp/katalon_execute/project/Baseline_Images/CHROME_DRIVER_katalon-studio_baseLine_component_page.png

2019-10-01 15:05:41 - [TEST_STEP][PASSED] - closeBrowser(): Browser is closed

2019-10-01 15:05:41 - [MESSAGE][PASSED] - Browser is closed</system-out>
            <system-err></system-err>
        </testcase>
        <testcase name="Test Cases/KatalonicsBlog/Visual Test Cases/Create Baseline Image" classname="Test Cases/KatalonicsBlog/Visual Test Cases/Create Baseline Image" status="PASSED">
            <system-out>2019-10-01 15:05:41 - [TEST_CASE][PASSED] - Test Cases/KatalonicsBlog/Visual Test Cases/Create Baseline Image: Test Cases/KatalonicsBlog/Visual Test Cases/Create Baseline Image

2019-10-01 15:05:41 - [TEST_STEP][PASSED] - Start listener action : beforeTestCase: null

2019-10-01 15:05:41 - [TEST_STEP][PASSED] - testCaseId = testCaseContext.getTestCaseId(): null

2019-10-01 15:05:41 - [TEST_STEP][PASSED] - comment(&gt;&gt;&gt; testCaseId is $testCaseId): &gt;&gt;&gt; testCaseId is Test Cases/KatalonicsBlog/Visual Test Cases/Create Baseline Image

2019-10-01 15:05:41 - [MESSAGE][INFO] - &gt;&gt;&gt; testCaseId is Test Cases/KatalonicsBlog/Visual Test Cases/Create Baseline Image

2019-10-01 15:05:41 - [TEST_STEP][PASSED] - CURRENT_TESTCASE_ID = testCaseId: null

2019-10-01 15:05:41 - [TEST_STEP][PASSED] - runsRecord = NUMBER_OF_TESTCASE_RUNS: null

2019-10-01 15:05:41 - [TEST_STEP][PASSED] - if (runsRecord.containsKey(testCaseId)): null

2019-10-01 15:05:41 - [TEST_STEP][PASSED] - comment(&gt;&gt;&gt; runRecord contains key $testCaseId): &gt;&gt;&gt; runRecord contains key Test Cases/KatalonicsBlog/Visual Test Cases/Create Baseline Image

2019-10-01 15:05:41 - [MESSAGE][INFO] - &gt;&gt;&gt; runRecord contains key Test Cases/KatalonicsBlog/Visual Test Cases/Create Baseline Image

2019-10-01 15:05:41 - [TEST_STEP][PASSED] - count = runsRecord.get(testCaseId): null

2019-10-01 15:05:41 - [TEST_STEP][PASSED] - runsRecord.put(testCaseId, count + 1): null

2019-10-01 15:05:41 - [TEST_STEP][PASSED] - NUMBER_OF_TESTCASE_RUNS = runsRecord: null

2019-10-01 15:05:41 - [TEST_STEP][PASSED] - openBrowser(""): Browser is opened with url: ''

2019-10-01 15:05:41 - [MESSAGE][INFO] - Starting 'Chrome' driver

2019-10-01 15:05:41 - [MESSAGE][PASSED] - Browser is opened with url: ''

2019-10-01 15:05:41 - [TEST_STEP][PASSED] - browserName = getExecutedBrowser().getName(): null

2019-10-01 15:05:41 - [TEST_STEP][PASSED] - scrollTimeout = 100: null

2019-10-01 15:05:41 - [TEST_STEP][PASSED] - header = 0: null

2019-10-01 15:05:41 - [TEST_STEP][PASSED] - footer = 0: null

2019-10-01 15:05:41 - [TEST_STEP][PASSED] - dpr = 2: null

2019-10-01 15:05:41 - [TEST_STEP][PASSED] - if (browserName == "IOS_DRIVER"): null

2019-10-01 15:05:41 - [TEST_STEP][PASSED] - if (browserName == "ANDROID_DRIVER"): null

2019-10-01 15:05:41 - [TEST_STEP][PASSED] - if (browserName != "IOS_DRIVER" &amp;&amp; browserName != "ANDROID_DRIVER"): Current window maximized

2019-10-01 15:05:41 - [TEST_STEP][PASSED] - maximizeWindow(): Current window maximized

2019-10-01 15:05:41 - [MESSAGE][PASSED] - Current window maximized

2019-10-01 15:05:41 - [TEST_STEP][PASSED] - theComponentURL = envURL1 + componentLocation + "/" + componentName + appendToURL: null

2019-10-01 15:05:41 - [TEST_STEP][PASSED] - navigateToUrl(theComponentURL): Navigate to 'https://katalonics.blogspot.com/p/katalon-docker.html' successfully

2019-10-01 15:05:42 - [MESSAGE][PASSED] - Navigate to 'https://katalonics.blogspot.com/p/katalon-docker.html' successfully

2019-10-01 15:05:42 - [TEST_STEP][PASSED] - waitForPageLoad(5): Wait for page load successfully

2019-10-01 15:05:42 - [MESSAGE][PASSED] - Wait for page load successfully

2019-10-01 15:05:42 - [TEST_STEP][PASSED] - delay(6): Delayed 6 second(s)

2019-10-01 15:05:48 - [MESSAGE][PASSED] - Delayed 6 second(s)

2019-10-01 15:05:48 - [TEST_STEP][PASSED] - log = new com.kms.katalon.core.logging.KeywordLogger(): null

2019-10-01 15:05:48 - [TEST_STEP][PASSED] - log.logInfo("Component Name: " + componentName): Component Name: katalon-docker

2019-10-01 15:05:48 - [MESSAGE][INFO] - Component Name: katalon-docker

2019-10-01 15:05:48 - [TEST_STEP][PASSED] - log.logInfo("actual URL: " + theComponentURL): actual URL: https://katalonics.blogspot.com/p/katalon-docker.html

2019-10-01 15:05:48 - [MESSAGE][INFO] - actual URL: https://katalonics.blogspot.com/p/katalon-docker.html

2019-10-01 15:05:48 - [TEST_STEP][PASSED] - baseLineFile = resolveScreenshotFile($browserName + "_" + $componentName + "_baseLine_component_page.png"): null

2019-10-01 15:05:48 - [TEST_STEP][PASSED] - projectDir = Paths.get(getProjectDir()): null

2019-10-01 15:05:48 - [TEST_STEP][PASSED] - reportDir = projectDir.resolve(baseLineImageFolder): null

2019-10-01 15:05:48 - [TEST_STEP][PASSED] - Files.createDirectories(reportDir): null

2019-10-01 15:05:48 - [TEST_STEP][PASSED] - pngFile = reportDir.resolve(fileName): null

2019-10-01 15:05:48 - [TEST_STEP][PASSED] - return pngFile.toFile(): null

2019-10-01 15:05:48 - [TEST_STEP][PASSED] - takeEntirePage(getWebDriver(), baseLineFile, 500, scrollTimeout, header, footer, dpr): null

2019-10-01 15:05:48 - [TEST_STEP][PASSED] - screenshot = viewportRetina(scrollTimeout, header, footer, dpr)).takeScreenshot(webDriver): null

2019-10-01 15:05:49 - [TEST_STEP][PASSED] - ImageIO.write(screenshot.getImage(), "PNG", file): null

2019-10-01 15:05:49 - [TEST_STEP][PASSED] - comment(&gt;&gt;&gt; wrote the baseLine component page image into $baseLineFile.toString()): &gt;&gt;&gt; wrote the baseLine component page image into /tmp/katalon_execute/project/Baseline_Images/CHROME_DRIVER_katalon-docker_baseLine_component_page.png

2019-10-01 15:05:49 - [MESSAGE][INFO] - &gt;&gt;&gt; wrote the baseLine component page image into /tmp/katalon_execute/project/Baseline_Images/CHROME_DRIVER_katalon-docker_baseLine_component_page.png

2019-10-01 15:05:49 - [TEST_STEP][PASSED] - closeBrowser(): Browser is closed

2019-10-01 15:05:49 - [MESSAGE][PASSED] - Browser is closed</system-out>
            <system-err></system-err>
        </testcase>
        <testcase name="Test Cases/KatalonicsBlog/Visual Test Cases/Create Baseline Image" classname="Test Cases/KatalonicsBlog/Visual Test Cases/Create Baseline Image" status="PASSED">
            <system-out>2019-10-01 15:05:49 - [TEST_CASE][PASSED] - Test Cases/KatalonicsBlog/Visual Test Cases/Create Baseline Image: Test Cases/KatalonicsBlog/Visual Test Cases/Create Baseline Image

2019-10-01 15:05:49 - [TEST_STEP][PASSED] - Start listener action : beforeTestCase: null

2019-10-01 15:05:49 - [TEST_STEP][PASSED] - testCaseId = testCaseContext.getTestCaseId(): null

2019-10-01 15:05:49 - [TEST_STEP][PASSED] - comment(&gt;&gt;&gt; testCaseId is $testCaseId): &gt;&gt;&gt; testCaseId is Test Cases/KatalonicsBlog/Visual Test Cases/Create Baseline Image

2019-10-01 15:05:49 - [MESSAGE][INFO] - &gt;&gt;&gt; testCaseId is Test Cases/KatalonicsBlog/Visual Test Cases/Create Baseline Image

2019-10-01 15:05:49 - [TEST_STEP][PASSED] - CURRENT_TESTCASE_ID = testCaseId: null

2019-10-01 15:05:49 - [TEST_STEP][PASSED] - runsRecord = NUMBER_OF_TESTCASE_RUNS: null

2019-10-01 15:05:49 - [TEST_STEP][PASSED] - if (runsRecord.containsKey(testCaseId)): null

2019-10-01 15:05:49 - [TEST_STEP][PASSED] - comment(&gt;&gt;&gt; runRecord contains key $testCaseId): &gt;&gt;&gt; runRecord contains key Test Cases/KatalonicsBlog/Visual Test Cases/Create Baseline Image

2019-10-01 15:05:49 - [MESSAGE][INFO] - &gt;&gt;&gt; runRecord contains key Test Cases/KatalonicsBlog/Visual Test Cases/Create Baseline Image

2019-10-01 15:05:49 - [TEST_STEP][PASSED] - count = runsRecord.get(testCaseId): null

2019-10-01 15:05:49 - [TEST_STEP][PASSED] - runsRecord.put(testCaseId, count + 1): null

2019-10-01 15:05:49 - [TEST_STEP][PASSED] - NUMBER_OF_TESTCASE_RUNS = runsRecord: null

2019-10-01 15:05:49 - [TEST_STEP][PASSED] - openBrowser(""): Browser is opened with url: ''

2019-10-01 15:05:49 - [MESSAGE][INFO] - Starting 'Chrome' driver

2019-10-01 15:05:50 - [MESSAGE][PASSED] - Browser is opened with url: ''

2019-10-01 15:05:50 - [TEST_STEP][PASSED] - browserName = getExecutedBrowser().getName(): null

2019-10-01 15:05:50 - [TEST_STEP][PASSED] - scrollTimeout = 100: null

2019-10-01 15:05:50 - [TEST_STEP][PASSED] - header = 0: null

2019-10-01 15:05:50 - [TEST_STEP][PASSED] - footer = 0: null

2019-10-01 15:05:50 - [TEST_STEP][PASSED] - dpr = 2: null

2019-10-01 15:05:50 - [TEST_STEP][PASSED] - if (browserName == "IOS_DRIVER"): null

2019-10-01 15:05:50 - [TEST_STEP][PASSED] - if (browserName == "ANDROID_DRIVER"): null

2019-10-01 15:05:50 - [TEST_STEP][PASSED] - if (browserName != "IOS_DRIVER" &amp;&amp; browserName != "ANDROID_DRIVER"): Current window maximized

2019-10-01 15:05:50 - [TEST_STEP][PASSED] - maximizeWindow(): Current window maximized

2019-10-01 15:05:50 - [MESSAGE][PASSED] - Current window maximized

2019-10-01 15:05:50 - [TEST_STEP][PASSED] - theComponentURL = envURL1 + componentLocation + "/" + componentName + appendToURL: null

2019-10-01 15:05:50 - [TEST_STEP][PASSED] - navigateToUrl(theComponentURL): Navigate to 'https://katalonics.blogspot.com/p/my-examples.html' successfully

2019-10-01 15:05:51 - [MESSAGE][PASSED] - Navigate to 'https://katalonics.blogspot.com/p/my-examples.html' successfully

2019-10-01 15:05:51 - [TEST_STEP][PASSED] - waitForPageLoad(5): Wait for page load successfully

2019-10-01 15:05:51 - [MESSAGE][PASSED] - Wait for page load successfully

2019-10-01 15:05:51 - [TEST_STEP][PASSED] - delay(6): Delayed 6 second(s)

2019-10-01 15:05:57 - [MESSAGE][PASSED] - Delayed 6 second(s)

2019-10-01 15:05:57 - [TEST_STEP][PASSED] - log = new com.kms.katalon.core.logging.KeywordLogger(): null

2019-10-01 15:05:57 - [TEST_STEP][PASSED] - log.logInfo("Component Name: " + componentName): Component Name: my-examples

2019-10-01 15:05:57 - [MESSAGE][INFO] - Component Name: my-examples

2019-10-01 15:05:57 - [TEST_STEP][PASSED] - log.logInfo("actual URL: " + theComponentURL): actual URL: https://katalonics.blogspot.com/p/my-examples.html

2019-10-01 15:05:57 - [MESSAGE][INFO] - actual URL: https://katalonics.blogspot.com/p/my-examples.html

2019-10-01 15:05:57 - [TEST_STEP][PASSED] - baseLineFile = resolveScreenshotFile($browserName + "_" + $componentName + "_baseLine_component_page.png"): null

2019-10-01 15:05:57 - [TEST_STEP][PASSED] - projectDir = Paths.get(getProjectDir()): null

2019-10-01 15:05:57 - [TEST_STEP][PASSED] - reportDir = projectDir.resolve(baseLineImageFolder): null

2019-10-01 15:05:57 - [TEST_STEP][PASSED] - Files.createDirectories(reportDir): null

2019-10-01 15:05:57 - [TEST_STEP][PASSED] - pngFile = reportDir.resolve(fileName): null

2019-10-01 15:05:57 - [TEST_STEP][PASSED] - return pngFile.toFile(): null

2019-10-01 15:05:57 - [TEST_STEP][PASSED] - takeEntirePage(getWebDriver(), baseLineFile, 500, scrollTimeout, header, footer, dpr): null

2019-10-01 15:05:57 - [TEST_STEP][PASSED] - screenshot = viewportRetina(scrollTimeout, header, footer, dpr)).takeScreenshot(webDriver): null

2019-10-01 15:05:58 - [TEST_STEP][PASSED] - ImageIO.write(screenshot.getImage(), "PNG", file): null

2019-10-01 15:05:58 - [TEST_STEP][PASSED] - comment(&gt;&gt;&gt; wrote the baseLine component page image into $baseLineFile.toString()): &gt;&gt;&gt; wrote the baseLine component page image into /tmp/katalon_execute/project/Baseline_Images/CHROME_DRIVER_my-examples_baseLine_component_page.png

2019-10-01 15:05:58 - [MESSAGE][INFO] - &gt;&gt;&gt; wrote the baseLine component page image into /tmp/katalon_execute/project/Baseline_Images/CHROME_DRIVER_my-examples_baseLine_component_page.png

2019-10-01 15:05:58 - [TEST_STEP][PASSED] - closeBrowser(): Browser is closed

2019-10-01 15:05:58 - [MESSAGE][PASSED] - Browser is closed</system-out>
            <system-err></system-err>
        </testcase>
        <system-out>2019-10-01 15:05:20 - [TEST_SUITE][INCOMPLETE] - create_baseline_image_ALL: null</system-out>
        <system-err>2019-10-01 15:05:20 - [TEST_SUITE][INCOMPLETE] - create_baseline_image_ALL: null</system-err>
    </testsuite>
</testsuites>
